GC heap before
{Heap before GC invocations=39 (full 10):
 PSYoungGen      total 331776K, used 179588K [0x00000000eab00000, 0x00000000ffe80000, 0x0000000100000000)
  eden space 316928K, 56% used [0x00000000eab00000,0x00000000f5a61188,0x00000000fe080000)
  from space 14848K, 0% used [0x00000000ff000000,0x00000000ff000000,0x00000000ffe80000)
  to   space 15360K, 0% used [0x00000000fe080000,0x00000000fe080000,0x00000000fef80000)
 ParOldGen       total 68608K, used 29863K [0x00000000c0000000, 0x00000000c4300000, 0x00000000eab00000)
  object space 68608K, 43% used [0x00000000c0000000,0x00000000c1d29fe0,0x00000000c4300000)
 Metaspace       used 64645K, capacity 67732K, committed 68096K, reserved 1107968K
  class space    used 8347K, capacity 8812K, committed 8960K, reserved 1048576K
Event: 3534.660 GC heap after
Heap after GC invocations=39 (full 10):
 PSYoungGen      total 318976K, used 1616K [0x00000000eab00000, 0x00000000ffd80000, 0x0000000100000000)
  eden space 316928K, 0% used [0x00000000eab00000,0x00000000eab00000,0x00000000fe080000)
  from space 2048K, 78% used [0x00000000fe080000,0x00000000fe214010,0x00000000fe280000)
  to   space 14848K, 0% used [0x00000000fef00000,0x00000000fef00000,0x00000000ffd80000)
 ParOldGen       total 68608K, used 29871K [0x00000000c0000000, 0x00000000c4300000, 0x00000000eab00000)
  object space 68608K, 43% used [0x00000000c0000000,0x00000000c1d2bfe0,0x00000000c4300000)
 Metaspace       used 64645K, capacity 67732K, committed 68096K, reserved 1107968K
  class space    used 8347K, capacity 8812K, committed 8960K, reserved 1048576K
}
Event: 3534.660 GC heap before
{Heap before GC invocations=40 (full 11):
 PSYoungGen      total 318976K, used 1616K [0x00000000eab00000, 0x00000000ffd80000, 0x0000000100000000)
  eden space 316928K, 0% used [0x00000000eab00000,0x00000000eab00000,0x00000000fe080000)
  from space 2048K, 78% used [0x00000000fe080000,0x00000000fe214010,0x00000000fe280000)
  to   space 14848K, 0% used [0x00000000fef00000,0x00000000fef00000,0x00000000ffd80000)
 ParOldGen       total 68608K, used 29871K [0x00000000c0000000, 0x00000000c4300000, 0x00000000eab00000)
  object space 68608K, 43% used [0x00000000c0000000,0x00000000c1d2bfe0,0x00000000c4300000)
 Metaspace       used 64645K, capacity 67732K, committed 68096K, reserved 1107968K
  class space    used 8347K, capacity 8812K, committed 8960K, reserved 1048576K
Event: 3537.976 GC heap after
Heap after GC invocations=40 (full 11):
 PSYoungGen      total 318976K, used 0K [0x00000000eab00000, 0x00000000ffd80000, 0x0000000100000000)
  eden space 316928K, 0% used [0x00000000eab00000,0x00000000eab00000,0x00000000fe080000)
  from space 2048K, 0% used [0x00000000fe080000,0x00000000fe080000,0x00000000fe280000)
  to   space 14848K, 0% used [0x00000000fef00000,0x00000000fef00000,0x00000000ffd80000)
 ParOldGen       total 68608K, used 30404K [0x00000000c0000000, 0x00000000c4300000, 0x00000000eab00000)
  object space 68608K, 44% used [0x00000000c0000000,0x00000000c1db1180,0x00000000c4300000)
 Metaspace       used 64459K, capacity 67484K, committed 68096K, reserved 1107968K
  class space    used 8313K, capacity 8772K, committed 8960K, reserved 1048576K
}

Deoptimization events (10 events):
Event: 3751.560 Thread 0x000000005d2d8800 Uncommon trap: reason=class_check action=maybe_recompile pc=0x000000000549f120 method=com.google.common.hash.Funnels$SinkAsStream.write([BII)V @ 7
Event: 3751.560 Thread 0x000000005d2d8800 Uncommon trap: reason=speculate_class_check action=maybe_recompile pc=0x000000000549f89c method=com.google.common.hash.AbstractByteHasher.putBytes([BII)Lcom/google/common/hash/Hasher; @ 13
Event: 3751.561 Thread 0x000000005d2d8800 Uncommon trap: reason=unstable_if action=reinterpret pc=0x000000000438c20c method=java.lang.String.lastIndexOf([CII[CIII)I @ 135
Event: 3751.569 Thread 0x000000005f1e4800 Uncommon trap: reason=class_check action=maybe_recompile pc=0x000000000549f120 method=com.google.common.hash.Funnels$SinkAsStream.write([BII)V @ 7
Event: 3751.569 Thread 0x000000005f1e4800 Uncommon trap: reason=speculate_class_check action=maybe_recompile pc=0x000000000549f89c method=com.google.common.hash.AbstractByteHasher.putBytes([BII)Lcom/google/common/hash/Hasher; @ 13
Event: 3751.570 Thread 0x000000005f1e4800 Uncommon trap: reason=class_check action=maybe_recompile pc=0x000000000549f120 method=com.google.common.hash.Funnels$SinkAsStream.write([BII)V @ 7
Event: 3751.570 Thread 0x000000005f1e4800 Uncommon trap: reason=speculate_class_check action=maybe_recompile pc=0x000000000549f89c method=com.google.common.hash.AbstractByteHasher.putBytes([BII)Lcom/google/common/hash/Hasher; @ 13
Event: 3751.804 Thread 0x000000005d2d6800 Uncommon trap: reason=class_check action=maybe_recompile pc=0x0000000003b18cbc method=com.google.gson.stream.JsonWriter.open(ILjava/lang/String;)Lcom/google/gson/stream/JsonWriter; @ 15
Event: 3751.805 Thread 0x000000005d2d5800 Uncommon trap: reason=class_check action=maybe_recompile pc=0x0000000003b18cbc method=com.google.gson.stream.JsonWriter.open(ILjava/lang/String;)Lcom/google/gson/stream/JsonWriter; @ 15
Event: 3751.910 Thread 0x000000005a030000 Uncommon trap: reason=array_check action=maybe_recompile pc=0x0000000005388c38 method=java.util.ComparableTimSort.reverseRange([Ljava/lang/Object;II)V @ 20

Internal exceptions (10 events):
Event: 3743.175 Thread 0x000000005a030000 Exception <a 'sun/nio/fs/WindowsException'> (0x00000000ef77f638) thrown at [C:\workspace\8-2-build-windows-amd64-cygwin\jdk8u65\4987\hotspot\src\share\vm\prims\jni.cpp, line 709]
Event: 3743.176 Thread 0x000000005a030000 Exception <a 'sun/nio/fs/WindowsException'> (0x00000000ef7821b0) thrown at [C:\workspace\8-2-build-windows-amd64-cygwin\jdk8u65\4987\hotspot\src\share\vm\prims\jni.cpp, line 709]
Event: 3743.176 Thread 0x000000005a030000 Exception <a 'sun/nio/fs/WindowsException'> (0x00000000ef782e20) thrown at [C:\workspace\8-2-build-windows-amd64-cygwin\jdk8u65\4987\hotspot\src\share\vm\prims\jni.cpp, line 709]
Event: 3743.176 Thread 0x000000005a030000 Exception <a 'sun/nio/fs/WindowsException'> (0x00000000ef784ac0) thrown at [C:\workspace\8-2-build-windows-amd64-cygwin\jdk8u65\4987\hotspot\src\share\vm\prims\jni.cpp, line 709]
Event: 3743.176 Thread 0x000000005a030000 Exception <a 'sun/nio/fs/WindowsException'> (0x00000000ef785768) thrown at [C:\workspace\8-2-build-windows-amd64-cygwin\jdk8u65\4987\hotspot\src\share\vm\prims\jni.cpp, line 709]
Event: 3744.851 Thread 0x000000005a030000 Exception <a 'java/lang/ClassNotFoundException': com/android/build/gradle/internal/TaskManager$2BeanInfo> (0x00000000f0893c78) thrown at [C:\workspace\8-2-build-windows-amd64-cygwin\jdk8u65\4987\hotspot\src\share\vm\classfile\systemDictionary.cpp, line 210F+=+µA­@
Event: 3744.854 Thread 0x000000005a030000 Exception <a 'java/lang/ClassNotFoundException': com/android/build/gradle/internal/TaskManager$2Customizer> (0x00000000f08a4910) thrown at [C:\workspace\8-2-build-windows-amd64-cygwin\jdk8u65\4987\hotspot\src\share\vm\classfile\systemDictionary.cpp, line 2é8gó[D­@
Event: 3746.180 Thread 0x000000005a030000 Implicit null exception at 0x00000000055aeee8 to 0x00000000055af2cb
Event: 3751.904 Thread 0x000000005a030000 Exception <a 'java/lang/NoSuchMethodError': <clinit>> (0x00000000f41a6260) thrown at [C:\workspace\8-2-build-windows-amd64-cygwin\jdk8u65\4987\hotspot\src\share\vm\prims\jni.cpp, line 1591]
Event: 3751.912 Thread 0x000000005a030000 Exception <a 'java/lang/NoSuchMethodError': <clinit>> (0x00000000f41be9c8) thrown at [C:\workspace\8-2-build-windows-amd64-cygwin\jdk8u65\4987\hotspot\src\share\vm\prims\jni.cpp, line 1591]

Events (10 events):
Event: 3751.887 Thread 0x000000005f15f800 Thread added: 0x000000005f15f800
Event: 3751.890 Thread 0x000000005f160000 Thread added: 0x000000005f160000
Event: 3751.892 Thread 0x000000005f161000 Thread added: 0x000000005f161000
Event: 3751.892 Thread 0x000000005f161800 Thread added: 0x000000005f161800
Event: 3751.910 Thread 0x000000005a030000 Uncommon trap: trap_request=0xffffffd6 fr.pc=0x0000000005388c38
Event: 3751.910 Thread 0x000000005a030000 DEOPT PACKING pc=0x0000000005388c38 sp=0x000000005977b630
Event: 3751.910 Thread 0x000000005a030000 DEOPT UNPACKING pc=0x000000000299582a sp=0x000000005977b558 mode 2
Event: 3751.927 Thread 0x000000005f15f800 Thread exited: 0x000000005f15f800
Event: 3752.005 Thread 0x0000000056353000 flushing nmethod 0x0000000003143cd0
Event: 3752.006 Thread 0x0000000056353000 flushing nmethod 0x00000000031bb810


Dynamic libraries:
0x000000013fcc0000 - 0x000000013fcf7000 	C:\Program Files\Java\jdk1.8.0_65\bin\java.exe
0x0000000076e60000 - 0x000000007700a000 	C:\Windows\SYSTEM32\ntdll.dll
0x0000000076c40000 - 0x0000000076d5f000 	C:\Windows\system32\kernel32.dll
0x000007fefcc80000 - 0x000007fefccea000 	C:\Windows\system32\KERNELBASE.dll
0x000007fefcf50000 - 0x000007fefd02b000 	C:\Windows\system32\ADVAPI32.dll
0x000007fefe090000 - 0x000007fefe12f000 	C:\Windows\system32\msvcrt.dll
0x000007fefd100000 - 0x000007fefd11f000 	C:\Windows\SYSTEM32\sechost.dll
0x000007fefef20000 - 0x000007feff04d000 	C:\Windows\system32\RPCRT4.dll
0x0000000076d60000 - 0x0000000076e5a000 	C:\Windows\system32\USER32.dll
0x000007feff100000 - 0x000007feff167000 	C:\Windows\system32\GDI32.dll
0x000007fefe340000 - 0x000007fefe34e000 	C:\Windows\system32\LPK.dll
0x000007fefd030000 - 0x000007fefd0fa000 	C:\Windows\system32\USP10.dll
0x000007fefa060000 - 0x000007fefa254000 	C:\Windows\WinSxS\amd64_microsoft.windows.common-controls_6595b64144ccf1df_6.0.7601.18837_none_fa3b1e3d17594757\COMCTL32.dll
0x000007feff050000 - 0x000007feff0c1000 	C:\Windows\system32\SHLWAPI.dll
0x000007feff0d0000 - 0x000007feff0fe000 	C:\Windows\system32\IMM32.DLL
0x000007fefea10000 - 0x000007fefeb19000 	C:\Windows\system32\MSCTF.dll
0x00000000707c0000 - 0x0000000070892000 	C:\Program Files\Java\jdk1.8.0_65\jre\bin\msvcr100.dll
0x0000000061c10000 - 0x0000000062499000 	C:\Program Files\Java\jdk1.8.0_65\jre\bin\server\jvm.dll
0x000007fef6a50000 - 0x000007fef6a59000 	C:\Windows\system32\WSOCK32.dll
0x000007fefe3b0000 - 0x000007fefe3fd000 	C:\Windows\system32\WS2_32.dll
0x000007fefe590000 - 0x000007fefe598000 	C:\Windows\system32\NSI.dll
0x000007fefa550000 - 0x000007fefa58b000 	C:\Windows\system32\WINMM.dll
0x000007fefbc20000 - 0x000007fefbc2c000 	C:\Windows\system32\VERSION.dll
0x0000000077030000 - 0x0000000077037000 	C:\Windows\system32\PSAPI.DLL
0x0000000072100000 - 0x000000007210f000 	C:\Program Files\Java\jdk1.8.0_65\jre\bin\verify.dll
0x0000000071460000 - 0x0000000071489000 	C:\Program Files\Java\jdk1.8.0_65\jre\bin\java.dll
0x00000000720e0000 - 0x00000000720f6000 	C:\Program Files\Java\jdk1.8.0_65\jre\bin\zip.dll
0x000007fefd300000 - 0x000007fefe08a000 	C:\Windows\system32\SHELL32.dll
0x000007fefe130000 - 0x000007fefe333000 	C:\Windows\system32\ole32.dll
0x000007fefcba0000 - 0x000007fefcbaf000 	C:\Windows\system32\profapi.dll
0x0000000071440000 - 0x000000007145a000 	C:\Program Files\Java\jdk1.8.0_65\jre\bin\net.dll
0x000007fefc370000 - 0x000007fefc3c5000 	C:\Windows\system32\mswsock.dll
0x000007fefc360000 - 0x000007fefc367000 	C:\Windows\System32\wship6.dll
0x0000000071420000 - 0x0000000071431000 	C:\Program Files\Java\jdk1.8.0_65\jre\bin\nio.dll
0x000007fefb050000 - 0x000007fefb062000 	C:\Users\S525894\.gradle\native\19\windows-amd64\native-platform.dll
0x000007fefc3d0000 - 0x000007fefc3e8000 	C:\Windows\system32\CRYPTSP.dll
0x000007fefc0d0000 - 0x000007fefc117000 	C:\Windows\system32\rsaenh.dll
0x000007fefcc60000 - 0x000007fefcc7e000 	C:\Windows\system32\USERENV.dll
0x000007fefca30000 - 0x000007fefca3f000 	C:\Windows\system32\CRYPTBASE.dll
0x000007fef8e70000 - 0x000007fef8e97000 	C:\Windows\system32\IPHLPAPI.DLL
0x000007fef8e50000 - 0x000007fef8e5b000 	C:\Windows\system32\WINNSI.DLL
0x000007fef8c50000 - 0x000007fef8c68000 	C:\Windows\system32\dhcpcsvc.DLL
0x000007fef8c30000 - 0x000007fef8c41000 	C:\Windows\system32\dhcpcsvc6.DLL
0x0000000072110000 - 0x000000007211d000 	C:\Program Files\Java\jdk1.8.0_65\jre\bin\management.dll
0x000007fefc9d0000 - 0x000007fefca27000 	C:\Windows\system32\apphelp.dll

VM Arguments:
jvm_args: -XX:MaxPermSize=256m -XX:+HeapDumpOnOutOfMemoryError -Xmx1024m -Dfile.encoding=windows-1252 -Duser.country=US -Duser.language=en -Duser.variant 
java_command: org.gradle.launcher.daemon.bootstrap.GradleDaemon 2.14.1
java_class_path (initial): C:\Program Files\Android\Android Studio\gradle\gradle-2.14.1\lib\gradle-launcher-2.14.1.jar
Launcher Type: SUN_STANDARD

Environment Variables:
PATH=C:\app\OracleHomeUser1\product\12.1.0\dbhome_1\bin;C:\ProgramData\Oracle\Java\javapath;C:\Program Files\Common Files\Microsoft Shared\Woindows Live;C:\Program Files (x86)\Common Files\Microsoft Shared\Windows Live;C:\Windows\system32;C:\Windows;C:\Windows\System32\Wbem;C:\Windows\System32\WindowsPowerShell\v1.0\;C:\Program Files (x86)\Windows Live\Shared;C:\Program Files\Intel\WiFi\bin\;C:\Program Files\Common Files\Intel\WirelessCommon\;C:\Program Files\Intel\WiFi\bin\;C:\Program Files\Common Files\Intel\WirelessCommon\;C:\Program Files\Java\jdk1.8.0_65/bin;C:\adb;C:\Program Files\RogueKiller;C:\Program Files\Git\cmd;C:\Program Files\Intel\WiFi\bin\;C:\Program Files\Common Files\Intel\WirelessCommon\;C:\Program Files\Java\jdk1.8.0_65/bin
USERNAME=S525894
OS=Windows_NT
PROCESSOR_IDENTIFIER=Intel64 Family 6 Model 69 Stepping 1, GenuineIntel



---------------  S Y S T E M  ---------------

OS: Windows 7 , 64 bit Build 7601 (6.1.7601.23569)

CPU:total 4 (2 cores per cpu, 2 threads per core) family 6 model 69 stepping 1, cmov, cx8, fxsr, mmx, sse, sse2, sse3, ssse3, sse4.1, sse4.2, popcnt, avx, avx2, aes, clmul, erms, lzcnt, ht, tsc, tscinvbit, bmi1, bmi2

Memory: 4k page, physical 4088944k(50568k free), swap 11024164k(4916k free)

vm_info: Java HotSpot(TM) 64-Bit Server VM (25.65-b01) for windows-amd64 JRE (1.8.0_65-b17), built on Oct  6 2015 16:39:20 by "java_re" with MS VC++ 10.0 (VS2010)

time: Thu Nov 24 16:11:31 2016
elapsed time: 3752 seconds (0d 1h 2m 32s)

