#
# There is insufficient memory for the Java Runtime Environment to continue.
# Native memory allocation (malloc) failed to allocate 1949216 bytes for Chunk::new
# Possible reasons:
#   The system is out of physical RAM or swap space
#   In 32 bit mode, the process size limit was hit
# Possible solutions:
#   Reduce memory load on the system
#   Increase physical memory or swap space
#   Check if swap backing store is full
#   Use 64 bit Java on a 64 bit OS
#   Decrease Java heap size (-Xmx/-Xms)
#   Decrease number of Java threads
#   Decrease Java thread stack sizes (-Xss)
#   Set larger code cache with -XX:ReservedCodeCacheSize=
# This output file may be truncated or incomplete.
#
#  Out of Memory Error (allocation.cpp:390), pid=11592, tid=8488
#
# JRE version: Java(TM) SE Runtime Environment (8.0_65-b17) (build 1.8.0_65-b17)
# Java VM: Java HotSpot(TM) 64-Bit Server VM (25.65-b01 mixed mode windows-amd64 compressed oops)
# Failed to write core dump. Minidumps are not enabled by default on client versions of Windows
#

---------------  T H R E A D  ---------------

Current thread (0x000000005513a800):  JavaThread "C2 CompilerThread1" daemon [_thread_in_native, id=8488, stack(0x0000000056a60000,0x0000000056b60000)]

Stack: [0x0000000056a60000,0x0000000056b60000]
[error occurred during error reporting (printing stack bounds), id 0xc0000005]

Native frames: (J=compiled Java code, j=interpreted, Vv=VM code, C=native code)


Current CompileTask:
C2:  12850 1727   !   4       com.android.dx.cf.code.BytecodeArray::parseInstruction (2764 bytes)


---------------  P R O C E S S  ---------------

Java Threads: ( => current thread )
  0x0000000056f15000 JavaThread "pool-2-thread-4" [_thread_blocked, id=11032, stack(0x0000000057800000,0x0000000057900000)]
  0x0000000056f10000 JavaThread "pool-2-thread-3" [_thread_blocked, id=2700, stack(0x0000000057680000,0x0000000057780000)]
  0x0000000056f09800 JavaThread "pool-2-thread-2" [_thread_blocked, id=12136, stack(0x0000000057470000,0x0000000057570000)]
  0x0000000056f07800 JavaThread "pool-3-thread-1" [_thread_blocked, id=12252, stack(0x0000000057570000,0x0000000057670000)]
  0x0000000056f01800 JavaThread "pool-2-thread-1" [_thread_blocked, id=10848, stack(0x0000000057350000,0x0000000057450000)]
  0x000000005513e000 JavaThread "Service Thread" daemon [_thread_blocked, id=9200, stack(0x00000000570d0000,0x00000000571d0000)]
  0x000000005513b800 JavaThread "C1 CompilerThread2" daemon [_thread_blocked, id=1288, stack(0x0000000056b80000,0x0000000056c80000)]
=>0x000000005513a800 JavaThread "C2 CompilerThread1" daemon [_thread_in_native, id=8488, stack(0x0000000056a60000,0x0000000056b60000)]
  0x0000000055136800 JavaThread "C2 CompilerThread0" daemon [_thread_blocked, id=6320, stack(0x0000000056650000,0x0000000056750000)]
  0x0000000055132000 JavaThread "Attach Listener" daemon [_thread_blocked, id=11036, stack(0x0000000056950000,0x0000000056a50000)]
  0x0000000055131000 JavaThread "Signal Dispatcher" daemon [_thread_blocked, id=8648, stack(0x00000000567b0000,0x00000000568b0000)]
  0x00000000550d1800 JavaThread "Finalizer" daemon [_thread_blocked, id=12020, stack(0x0000000056540000,0x0000000056640000)]
  0x00000000550d0000 JavaThread "Reference Handler" daemon [_thread_blocked, id=10392, stack(0x0000000056440000,0x0000000056540000)]
  0x000000000229e000 JavaThread "main" [_thread_blocked, id=11484, stack(0x00000000025a0000,0x00000000026a0000)]

Other Threads:
  0x00000000550ca800 VMThread [stack: 0x0000000056250000,0x0000000056350000] [id=11184]
  0x0000000056d16800 WatcherThread [stack: 0x0000000056150000,0x0000000056250000] [id=12176]

VM state:not at safepoint (normal execution)

VM Mutex/Monitor currently owned by a thread:  ([mutex/lock_event])
[0x000000000229c970] Heap_lock - owner thread: 0x0000000056f09800

Heap:
 PSYoungGen      total 35328K, used 9875K [0x00000000eab00000, 0x00000000ef000000, 0x0000000100000000)
  eden space 32768K, 22% used [0x00000000eab00000,0x00000000eb22cec0,0x00000000ecb00000)
  from space 2560K, 98% used [0x00000000ecb00000,0x00000000ecd78038,0x00000000ecd80000)
  to   space 2560K, 0% used [0x00000000eed80000,0x00000000eed80000,0x00000000ef000000)
 ParOldGen       total 44032K, used 8832K [0x00000000c0000000, 0x00000000c2b00000, 0x00000000eab00000)
  object space 44032K, 20% used [0x00000000c0000000,0x00000000c08a0048,0x00000000c2b00000)
 Metaspace       used 6200K, capacity 7088K, committed 7296K, reserved 1056768K
  class space    used 599K, capacity 616K, committed 640K, reserved 1048576K

Card table byte_map: [0x0000000011d30000,0x0000000011f40000] byte_map_base: 0x0000000011730000

Marking Bits: (ParMarkBitMap*) 0x0000000065a4a5b0
 Begin Bits: [0x0000000012540000, 0x0000000013540000)
 End Bits:   [0x0000000013540000, 0x0000000014540000)

Polling page: 0x0000000001c60000

CodeCache: size=245760Kb used=7599Kb max_used=7613Kb free=238160Kb
 bounds [0x0000000002970000, 0x00000000030f0000, 0x0000000011970000]
 total_blobs=1994 nmethods=1725 adapters=182
 compilation: enabled

Compilation events (10 events):
Event: 12.699 Thread 0x0000000055136800 1740       4       com.android.dx.ssa.InterferenceRegisterMapper::addInterfence (62 bytes)
Event: 12.748 Thread 0x0000000055136800 nmethod 1740 0x00000000030deed0 code [0x00000000030df080, 0x00000000030dfcd8]
Event: 12.753 Thread 0x000000005513b800 1741   !   3       com.android.dx.rop.cst.CstType::intern (48 bytes)
Event: 12.754 Thread 0x000000005513b800 nmethod 1741 0x00000000030d6bd0 code [0x00000000030d6de0, 0x00000000030d79e8]
Event: 12.763 Thread 0x000000005513b800 1742       3       com.android.dx.cf.attrib.AttSignature::<init> (26 bytes)
Event: 12.763 Thread 0x000000005513b800 nmethod 1742 0x00000000030d6590 code [0x00000000030d6720, 0x00000000030d6a88]
Event: 12.766 Thread 0x0000000055136800 1743       4       com.android.dx.ssa.back.FirstFitLocalCombiningAllocator::addMapping (76 bytes)
Event: 12.837 Thread 0x0000000055136800 nmethod 1743 0x00000000030e3350 code [0x00000000030e3540, 0x00000000030e4848]
Event: 12.838 Thread 0x000000005513b800 1744       3       java.util.concurrent.locks.AbstractQueuedSynchronizer::isOnSyncQueue (33 bytes)
Event: 12.839 Thread 0x000000005513b800 nmethod 1744 0x00000000030d5f50 code [0x00000000030d60c0, 0x00000000030d6450]

GC Heap History (6 events):
Event: 1.891 GC heap before
{Heap before GC invocations=1 (full 0):
 PSYoungGen      total 18944K, used 16384K [0x00000000eab00000, 0x00000000ec000000, 0x0000000100000000)
  eden space 16384K, 100% used [0x00000000eab00000,0x00000000ebb00000,0x00000000ebb00000)
  from space 2560K, 0% used [0x00000000ebd80000,0x00000000ebd80000,0x00000000ec000000)
  to   space 2560K, 0% used [0x00000000ebb00000,0x00000000ebb00000,0x00000000ebd80000)
 ParOldGen       total 44032K, used 0K [0x00000000c0000000, 0x00000000c2b00000, 0x00000000eab00000)
  object space 44032K, 0% used [0x00000000c0000000,0x00000000c0000000,0x00000000c2b00000)
 Metaspace       used 5726K, capacity 6704K, committed 6784K, reserved 1056768K
  class space    used 595K, capacity 616K, committed 640K, reserved 1048576K
Event: 2.078 GC heap after
Heap after GC invocations=1 (full 0):
 PSYoungGen      total 18944K, used 2535K [0x00000000eab00000, 0x00000000ed000000, 0x0000000100000000)
  eden space 16384K, 0% used [0x00000000eab00000,0x00000000eab00000,0x00000000ebb00000)
  from space 2560K, 99% used [0x00000000ebb00000,0x00000000ebd79c88,0x00000000ebd80000)
  to   space 2560K, 0% used [0x00000000ecd80000,0x00000000ecd80000,0x00000000ed000000)
 ParOldGen       total 44032K, used 1268K [0x00000000c0000000, 0x00000000c2b00000, 0x00000000eab00000)
  object space 44032K, 2% used [0x00000000c0000000,0x00000000c013d268,0x00000000c2b00000)
 Metaspace       used 5726K, capacity 6704K, committed 6784K, reserved 1056768K
  class space    used 595K, capacity 616K, committed 640K, reserved 1048576K
}
Event: 2.745 GC heap before
{Heap before GC invocations=2 (full 0):
 PSYoungGen      total 18944K, used 18919K [0x00000000eab00000, 0x00000000ed000000, 0x0000000100000000)
  eden space 16384K, 100% used [0x00000000eab00000,0x00000000ebb00000,0x00000000ebb00000)
  from space 2560K, 99% used [0x00000000ebb00000,0x00000000ebd79c88,0x00000000ebd80000)
  to   space 2560K, 0% used [0x00000000ecd80000,0x00000000ecd80000,0x00000000ed000000)
 ParOldGen       total 44032K, used 1268K [0x00000000c0000000, 0x00000000c2b00000, 0x00000000eab00000)
  object space 44032K, 2% used [0x00000000c0000000,0x00000000c013d268,0x00000000c2b00000)
 Metaspace       used 5992K, capacity 6896K, committed 7040K, reserved 1056768K
  class space    used 597K, capacity 616K, committed 640K, reserved 1048576K
Event: 2.996 GC heap after
Heap after GC invocations=2 (full 0):
 PSYoungGen      total 35328K, used 2545K [0x00000000eab00000, 0x00000000ed000000, 0x0000000100000000)
  eden space 32768K, 0% used [0x00000000eab00000,0x00000000eab00000,0x00000000ecb00000)
  from space 2560K, 99% used [0x00000000ecd80000,0x00000000ecffc720,0x00000000ed000000)
  to   space 2560K, 0% used [0x00000000ecb00000,0x00000000ecb00000,0x00000000ecd80000)
 ParOldGen       total 44032K, used 3451K [0x00000000c0000000, 0x00000000c2b00000, 0x00000000eab00000)
  object space 44032K, 7% used [0x00000000c0000000,0x00000000c035ec58,0x00000000c2b00000)
 Metaspace       used 5992K, capacity 6896K, committed 7040K, reserved 1056768K
  class space    used 597K, capacity 616K, committed 640K, reserved 1048576K
}
Event: 12.162 GC heap before
{Heap before GC invocations=3 (full 0):
 PSYoungGen      total 35328K, used 35313K [0x00000000eab00000, 0x00000000ed000000, 0x0000000100000000)
  eden space 32768K, 100% used [0x00000000eab00000,0x00000000ecb00000,0x00000000ecb00000)
  from space 2560K, 99% used [0x00000000ecd80000,0x00000000ecffc720,0x00000000ed000000)
  to   space 2560K, 0% used [0x00000000ecb00000,0x00000000ecb00000,0x00000000ecd80000)
 ParOldGen       total 44032K, used 3451K [0x00000000c0000000, 0x00000000c2b00000, 0x00000000eab00000)
  object space 44032K, 7% used [0x00000000c0000000,0x00000000c035ec58,0x00000000c2b00000)
 Metaspace       used 6186K, capacity 7088K, committed 7296K, reserved 1056768K
  class space    used 599K, capacity 616K, committed 640K, reserved 1048576K
Event: 12.473 GC heap after
Heap after GC invocations=3 (full 0):
 PSYoungGen      total 35328K, used 2528K [0x00000000eab00000, 0x00000000ef000000, 0x0000000100000000)
  eden space 32768K, 0% used [0x00000000eab00000,0x00000000eab00000,0x00000000ecb00000)
  from space 2560K, 98% used [0x00000000ecb00000,0x00000000ecd78038,0x00000000ecd80000)
  to   space 2560K, 0% used [0x00000000eed80000,0x00000000eed80000,0x00000000ef000000)
 ParOldGen       total 44032K, used 8832K [0x00000000c0000000, 0x00000000c2b00000, 0x00000000eab00000)
  object space 44032K, 20% used [0x00000000c0000000,0x00000000c08a0048,0x00000000c2b00000)
 Metaspace       used 6186K, capacity 7088K, committed 7296K, reserved 1056768K
  class space    used 599K, capacity 616K, committed 640K, reserved 1048576K
}

Deoptimization events (10 events):
Event: 4.393 Thread 0x0000000056f01800 Uncommon trap: reason=class_check action=maybe_recompile pc=0x0000000002ed78d4 method=com.android.dx.ssa.SCCP.simulatePhi(Lcom/android/dx/ssa/PhiInsn;)V @ 124
Event: 6.142 Thread 0x0000000056f09800 Uncommon trap: reason=unstable_if action=reinterpret pc=0x0000000002ce8844 method=com.android.dx.rop.cst.Constant.compareTo(Lcom/android/dx/rop/cst/Constant;)I @ 12
Event: 7.531 Thread 0x0000000056f01800 Uncommon trap: reason=unstable_if action=reinterpret pc=0x0000000002f7efb0 method=com.android.dx.ssa.MoveParamCombiner$1.visitNonMoveInsn(Lcom/android/dx/ssa/NormalSsaInsn;)V @ 27
Event: 9.133 Thread 0x0000000056f15000 Uncommon trap: reason=null_assert action=make_not_entrant pc=0x0000000002ff08a0 method=com.android.dx.cf.code.RopperMachine.run(Lcom/android/dx/cf/code/Frame;II)V @ 1112
Event: 9.368 Thread 0x0000000056f15000 Uncommon trap: reason=bimorphic action=maybe_recompile pc=0x0000000002f6bd18 method=com.android.dx.cf.code.BytecodeArray.parseInstruction(ILcom/android/dx/cf/code/BytecodeArray$Visitor;)I @ 2281
Event: 9.368 Thread 0x0000000056f15000 Uncommon trap: reason=bimorphic action=maybe_recompile pc=0x0000000002f6bd18 method=com.android.dx.cf.code.BytecodeArray.parseInstruction(ILcom/android/dx/cf/code/BytecodeArray$Visitor;)I @ 2281
Event: 10.545 Thread 0x0000000056f15000 Uncommon trap: reason=unstable_if action=reinterpret pc=0x0000000002f67968 method=com.android.dx.util.BitIntSet.has(I)Z @ 8
Event: 12.594 Thread 0x0000000056f10000 Uncommon trap: reason=unstable_if action=reinterpret pc=0x0000000002ec8210 method=com.android.dx.rop.code.LocalItem.compareHandlesNulls(Lcom/android/dx/rop/cst/CstString;Lcom/android/dx/rop/cst/CstString;)I @ 14
Event: 12.674 Thread 0x0000000056f01800 Uncommon trap: reason=bimorphic action=maybe_recompile pc=0x0000000002f6bd18 method=com.android.dx.cf.code.BytecodeArray.parseInstruction(ILcom/android/dx/cf/code/BytecodeArray$Visitor;)I @ 2281
Event: 12.674 Thread 0x0000000056f01800 Uncommon trap: reason=bimorphic action=maybe_recompile pc=0x0000000002f6bd18 method=com.android.dx.cf.code.BytecodeArray.parseInstruction(ILcom/android/dx/cf/code/BytecodeArray$Visitor;)I @ 2281

Internal exceptions (4 events):
Event: 0.181 Thread 0x000000000229e000 Exception <a 'java/lang/NoSuchMethodError': Method sun.misc.Unsafe.defineClass(Ljava/lang/String;[BII)Ljava/lang/Class; name or signature does not match> (0x00000000eab0d678) thrown at [C:\workspace\8-2-build-windows-amd64-cygwin\jdk8u65\4987\hotspot\src\sñ
‚;Ç?
Event: 0.181 Thread 0x000000000229e000 Exception <a 'java/lang/NoSuchMethodError': Method sun.misc.Unsafe.prefetchRead(Ljava/lang/Object;J)V name or signature does not match> (0x00000000eab0d960) thrown at [C:\workspace\8-2-build-windows-amd64-cygwin\jdk8u65\4987\hotspot\src\share\vm\prims\jni.½âÚ%¦Ž@
Event: 2.445 Thread 0x0000000056f01800 Implicit null exception at 0x0000000002c6bb3a to 0x0000000002c6d975
Event: 12.594 Thread 0x0000000056f10000 Implicit null exception at 0x0000000002ec6a58 to 0x0000000002ec81dd

Events (10 events):
Event: 12.594 Thread 0x0000000056f10000 DEOPT PACKING pc=0x0000000002ec8210 sp=0x000000005777e9d0
Event: 12.594 Thread 0x0000000056f10000 DEOPT UNPACKING pc=0x00000000029b582a sp=0x000000005777e758 mode 2
Event: 12.594 Thread 0x0000000056f10000 DEOPT PACKING pc=0x0000000002d97bac sp=0x000000005777ea60
Event: 12.595 Thread 0x0000000056f10000 DEOPT UNPACKING pc=0x00000000029b787f sp=0x000000005777e7e0 mode 0
Event: 12.674 Thread 0x0000000056f01800 Uncommon trap: trap_request=0xffffffc6 fr.pc=0x0000000002f6bd18
Event: 12.674 Thread 0x0000000056f01800 DEOPT PACKING pc=0x0000000002f6bd18 sp=0x000000005744ea30
Event: 12.674 Thread 0x0000000056f01800 DEOPT UNPACKING pc=0x00000000029b582a sp=0x000000005744ea10 mode 2
Event: 12.674 Thread 0x0000000056f01800 Uncommon trap: trap_request=0xffffffc6 fr.pc=0x0000000002f6bd18
Event: 12.674 Thread 0x0000000056f01800 DEOPT PACKING pc=0x0000000002f6bd18 sp=0x000000005744eaf0
Event: 12.674 Thread 0x0000000056f01800 DEOPT UNPACKING pc=0x00000000029b582a sp=0x000000005744ead0 mode 2


Dynamic libraries:
0x000000013fe90000 - 0x000000013fec7000 	C:\Program Files\Java\jdk1.8.0_65\bin\java.exe
0x0000000076e60000 - 0x000000007700a000 	C:\Windows\SYSTEM32\ntdll.dll
0x0000000076c40000 - 0x0000000076d5f000 	C:\Windows\system32\kernel32.dll
0x000007fefcc80000 - 0x000007fefccea000 	C:\Windows\system32\KERNELBASE.dll
0x000007fefcf50000 - 0x000007fefd02b000 	C:\Windows\system32\ADVAPI32.dll
0x000007fefe090000 - 0x000007fefe12f000 	C:\Windows\system32\msvcrt.dll
0x000007fefd100000 - 0x000007fefd11f000 	C:\Windows\SYSTEM32\sechost.dll
0x000007fefef20000 - 0x000007feff04d000 	C:\Windows\system32\RPCRT4.dll
0x0000000076d60000 - 0x0000000076e5a000 	C:\Windows\system32\USER32.dll
0x000007feff100000 - 0x000007feff167000 	C:\Windows\system32\GDI32.dll
0x000007fefe340000 - 0x000007fefe34e000 	C:\Windows\system32\LPK.dll
0x000007fefd030000 - 0x000007fefd0fa000 	C:\Windows\system32\USP10.dll
0x000007fefa060000 - 0x000007fefa254000 	C:\Windows\WinSxS\amd64_microsoft.windows.common-controls_6595b64144ccf1df_6.0.7601.18837_none_fa3b1e3d17594757\COMCTL32.dll
0x000007feff050000 - 0x000007feff0c1000 	C:\Windows\system32\SHLWAPI.dll
0x000007feff0d0000 - 0x000007feff0fe000 	C:\Windows\system32\IMM32.DLL
0x000007fefea10000 - 0x000007fefeb19000 	C:\Windows\system32\MSCTF.dll
0x0000000070d20000 - 0x0000000070df2000 	C:\Program Files\Java\jdk1.8.0_65\jre\bin\msvcr100.dll
0x0000000065240000 - 0x0000000065ac9000 	C:\Program Files\Java\jdk1.8.0_65\jre\bin\server\jvm.dll
0x000007fef6a50000 - 0x000007fef6a59000 	C:\Windows\system32\WSOCK32.dll
0x000007fefe3b0000 - 0x000007fefe3fd000 	C:\Windows\system32\WS2_32.dll
0x000007fefe590000 - 0x000007fefe598000 	C:\Windows\system32\NSI.dll
0x000007fefa550000 - 0x000007fefa58b000 	C:\Windows\system32\WINMM.dll
0x000007fefbc20000 - 0x000007fefbc2c000 	C:\Windows\system32\VERSION.dll
0x0000000077030000 - 0x0000000077037000 	C:\Windows\system32\PSAPI.DLL
0x0000000072110000 - 0x000000007211f000 	C:\Program Files\Java\jdk1.8.0_65\jre\bin\verify.dll
0x00000000720e0000 - 0x0000000072109000 	C:\Program Files\Java\jdk1.8.0_65\jre\bin\java.dll
0x0000000071470000 - 0x0000000071486000 	C:\Program Files\Java\jdk1.8.0_65\jre\bin\zip.dll
0x000007fefd300000 - 0x000007fefe08a000 	C:\Windows\system32\SHELL32.dll
0x000007fefe130000 - 0x000007fefe333000 	C:\Windows\system32\ole32.dll
0x000007fefcba0000 - 0x000007fefcbaf000 	C:\Windows\system32\profapi.dll

VM Arguments:
jvm_args: -Djava.awt.headless=true -Xmx1024M -Dfile.encoding=windows-1252 -Duser.country=US -Duser.language=en -Duser.variant 
java_command: com.android.dx.command.Main --dex --force-jumbo --num-threads=4 --multi-dex --output C:\Users\S525894\Desktop\MyApplication\app\build\intermediates\transforms\dex\debug\folders\1000\2\gson-2.1_df9ca832f7aac1988a14bbc6c35599f2bc904127 C:\Users\S525894\Desktop\MyApplication\app\libs\gson-2.1.jar
java_class_path (initial): C:\Users\S525894\AppData\Local\Android\sdk\build-tools\24.0.2\lib\dx.jar
Launcher Type: SUN_STANDARD

Environment Variables:
PATH=C:\app\OracleHomeUser1\product\12.1.0\dbhome_1\bin;C:\ProgramData\Oracle\Java\javapath;C:\Program Files\Common Files\Microsoft Shared\Woindows Live;C:\Program Files (x86)\Common Files\Microsoft Shared\Windows Live;C:\Windows\system32;C:\Windows;C:\Windows\System32\Wbem;C:\Windows\System32\WindowsPowerShell\v1.0\;C:\Program Files (x86)\Windows Live\Shared;C:\Program Files\Intel\WiFi\bin\;C:\Program Files\Common Files\Intel\WirelessCommon\;C:\Program Files\Intel\WiFi\bin\;C:\Program Files\Common Files\Intel\WirelessCommon\;C:\Program Files\Java\jdk1.8.0_65/bin;C:\adb;C:\Program Files\RogueKiller;C:\Program Files\Git\cmd;C:\Program Files\Intel\WiFi\bin\;C:\Program Files\Common Files\Intel\WirelessCommon\;C:\Program Files\Java\jdk1.8.0_65/bin
USERNAME=S525894
OS=Windows_NT
PROCESSOR_IDENTIFIER=Intel64 Family 6 Model 69 Stepping 1, GenuineIntel



---------------  S Y S T E M  ---------------

OS: Windows 7 , 64 bit Build 7601 (6.1.7601.23569)

CPU:total 4 (2 cores per cpu, 2 threads per core) family 6 model 69 stepping 1, cmov, cx8, fxsr, mmx, sse, sse2, sse3, ssse3, sse4.1, sse4.2, popcnt, avx, avx2, aes, clmul, erms, lzcnt, ht, tsc, tscinvbit, bmi1, bmi2

Memory: 4k page, physical 4088944k(255480k free), swap 11024164k(5708k free)

vm_info: Java HotSpot(TM) 64-Bit Server VM (25.65-b01) for windows-amd64 JRE (1.8.0_65-b17), built on Oct  6 2015 16:39:20 by "java_re" with MS VC++ 10.0 (VS2010)

time: Thu Nov 24 16:19:28 2016
elapsed time: 12 seconds (0d 0h 0m 12s)

