#
# There is insufficient memory for the Java Runtime Environment to continue.
# Native memory allocation (malloc) failed to allocate 32744 bytes for ChunkPool::allocate
# Possible reasons:
#   The system is out of physical RAM or swap space
#   In 32 bit mode, the process size limit was hit
# Possible solutions:
#   Reduce memory load on the system
#   Increase physical memory or swap space
#   Check if swap backing store is full
#   Use 64 bit Java on a 64 bit OS
#   Decrease Java heap size (-Xmx/-Xms)
#   Decrease number of Java threads
#   Decrease Java thread stack sizes (-Xss)
#   Set larger code cache with -XX:ReservedCodeCacheSize=
# This output file may be truncated or incomplete.
#
#  Out of Memory Error (allocation.cpp:273), pid=12004, tid=10980
#
# JRE version: Java(TM) SE Runtime Environment (8.0_65-b17) (build 1.8.0_65-b17)
# Java VM: Java HotSpot(TM) 64-Bit Server VM (25.65-b01 mixed mode windows-amd64 compressed oops)
# Failed to write core dump. Minidumps are not enabled by default on client versions of Windows
#

---------------  T H R E A D  ---------------

Current thread (0x0000000056665800):  JavaThread "C2 CompilerThread1" daemon [_thread_in_vm, id=10980, stack(0x0000000056d60000,0x0000000056e60000)]

Stack: [0x0000000056d60000,0x0000000056e60000]
[error occurred during error reporting (printing stack bounds), id 0xc0000005]

Native frames: (J=compiled Java code, j=interpreted, Vv=VM code, C=native code)


Current CompileTask:
C2:  32582 2747       4       com.android.dx.dex.code.DalvCode::
[error occurred during error reporting (printing current compile task), id 0xe0000001]


---------------  P R O C E S S  ---------------

Java Threads: ( => current thread )
  0x000000005666a000 JavaThread "Service Thread" daemon [_thread_blocked, id=11184, stack(0x0000000057290000,0x0000000057390000)]
  0x0000000056666800 JavaThread "C1 CompilerThread2" daemon [_thread_in_native, id=3472, stack(0x0000000057130000,0x0000000057230000)]
=>0x0000000056665800 JavaThread "C2 CompilerThread1" daemon [_thread_in_vm, id=10980, stack(0x0000000056d60000,0x0000000056e60000)]
  0x0000000056613800 JavaThread "C2 CompilerThread0" daemon [_thread_in_native, id=11652, stack(0x0000000056ee0000,0x0000000056fe0000)]
  0x00000000553b5000 JavaThread "Attach Listener" daemon [_thread_blocked, id=8316, stack(0x0000000056af0000,0x0000000056bf0000)]
  0x00000000553b3800 JavaThread "Signal Dispatcher" daemon [_thread_blocked, id=11528, stack(0x0000000056c00000,0x0000000056d00000)]
  0x000000005535a000 JavaThread "Finalizer" daemon [_thread_blocked, id=10508, stack(0x00000000561d0000,0x00000000562d0000)]
  0x0000000055353800 JavaThread "Reference Handler" daemon [_thread_blocked, id=9160, stack(0x0000000056510000,0x0000000056610000)]
  0x00000000023de000 JavaThread "main" [_thread_in_Java, id=12108, stack(0x0000000002420000,0x0000000002520000)]

Other Threads:
  0x000000005534e000 VMThread [stack: 0x0000000056380000,0x0000000056480000] [id=10920]
  0x0000000056674800 WatcherThread [stack: 0x0000000057460000,0x0000000057560000] [id=9424]

VM state:not at safepoint (normal execution)

VM Mutex/Monitor currently owned by a thread: None

Heap:
 PSYoungGen      total 144896K, used 5219K [0x00000000eab00000, 0x00000000fd500000, 0x0000000100000000)
  eden space 129024K, 4% used [0x00000000eab00000,0x00000000eb018ed8,0x00000000f2900000)
  from space 15872K, 0% used [0x00000000f2900000,0x00000000f2900000,0x00000000f3880000)
  to   space 23552K, 0% used [0x00000000fbe00000,0x00000000fbe00000,0x00000000fd500000)
 ParOldGen       total 69120K, used 35006K [0x00000000c0000000, 0x00000000c4380000, 0x00000000eab00000)
  object space 69120K, 50% used [0x00000000c0000000,0x00000000c222f820,0x00000000c4380000)
 Metaspace       used 6905K, capacity 7608K, committed 7936K, reserved 1056768K
  class space    used 645K, capacity 688K, committed 768K, reserved 1048576K

Card table byte_map: [0x0000000011cd0000,0x0000000011ee0000] byte_map_base: 0x00000000116d0000

Marking Bits: (ParMarkBitMap*) 0x000000006241a5b0
 Begin Bits: [0x00000000127c0000, 0x00000000137c0000)
 End Bits:   [0x00000000137c0000, 0x00000000147c0000)

Polling page: 0x0000000000330000

CodeCache: size=245760Kb used=10010Kb max_used=11583Kb free=235749Kb
 bounds [0x0000000002910000, 0x0000000003480000, 0x0000000011910000]
 total_blobs=2575 nmethods=2304 adapters=183
 compilation: enabled

Compilation events (10 events):
Event: 32.530 Thread 0x0000000056666800 2739       3       com.android.dx.dex.file.DebugInfoEncoder$2::<init> (10 bytes)
Event: 32.530 Thread 0x0000000056666800 nmethod 2739 0x0000000002d5af50 code [0x0000000002d5b0a0, 0x0000000002d5b270]
Event: 32.530 Thread 0x0000000056666800 2741       3       com.android.dx.dex.file.DebugInfoEncoder$2::compare (13 bytes)
Event: 32.531 Thread 0x0000000056666800 nmethod 2741 0x0000000002b904d0 code [0x0000000002b90660, 0x0000000002b90bd0]
Event: 32.531 Thread 0x0000000056666800 2742       3       com.android.dx.dex.file.DebugInfoEncoder$2::compare (10 bytes)
Event: 32.531 Thread 0x0000000056666800 nmethod 2742 0x0000000002cc5610 code [0x0000000002cc5780, 0x0000000002cc5ad0]
Event: 32.531 Thread 0x0000000056666800 2745       3       com.android.dx.dex.file.TypeIdsSection::indexOf (23 bytes)
Event: 32.532 Thread 0x0000000056666800 nmethod 2745 0x0000000002fac850 code [0x0000000002fac9e0, 0x0000000002facd58]
Event: 32.532 Thread 0x0000000056666800 2746       3       com.android.dx.dex.file.TypeIdsSection::indexOf (66 bytes)
Event: 32.533 Thread 0x0000000056666800 nmethod 2746 0x0000000002b2d410 code [0x0000000002b2d6a0, 0x0000000002b2e758]

GC Heap History (10 events):
Event: 17.032 GC heap before
{Heap before GC invocations=4 (full 0):
 PSYoungGen      total 35328K, used 35319K [0x00000000eab00000, 0x00000000ef000000, 0x0000000100000000)
  eden space 32768K, 100% used [0x00000000eab00000,0x00000000ecb00000,0x00000000ecb00000)
  from space 2560K, 99% used [0x00000000ecb00000,0x00000000ecd7dee0,0x00000000ecd80000)
  to   space 2560K, 0% used [0x00000000eed80000,0x00000000eed80000,0x00000000ef000000)
 ParOldGen       total 44032K, used 7362K [0x00000000c0000000, 0x00000000c2b00000, 0x00000000eab00000)
  object space 44032K, 16% used [0x00000000c0000000,0x00000000c0730b58,0x00000000c2b00000)
 Metaspace       used 6252K, capacity 7088K, committed 7296K, reserved 1056768K
  class space    used 603K, capacity 616K, committed 640K, reserved 1048576K
Event: 17.525 GC heap after
Heap after GC invocations=4 (full 0):
 PSYoungGen      total 68096K, used 2550K [0x00000000eab00000, 0x00000000ef000000, 0x0000000100000000)
  eden space 65536K, 0% used [0x00000000eab00000,0x00000000eab00000,0x00000000eeb00000)
  from space 2560K, 99% used [0x00000000eed80000,0x00000000eeffd8d8,0x00000000ef000000)
  to   space 2560K, 0% used [0x00000000eeb00000,0x00000000eeb00000,0x00000000eed80000)
 ParOldGen       total 44032K, used 12353K [0x00000000c0000000, 0x00000000c2b00000, 0x00000000eab00000)
  object space 44032K, 28% used [0x00000000c0000000,0x00000000c0c104f8,0x00000000c2b00000)
 Metaspace       used 6252K, capacity 7088K, committed 7296K, reserved 1056768K
  class space    used 603K, capacity 616K, committed 640K, reserved 1048576K
}
Event: 18.471 GC heap before
{Heap before GC invocations=5 (full 0):
 PSYoungGen      total 68096K, used 68086K [0x00000000eab00000, 0x00000000ef000000, 0x0000000100000000)
  eden space 65536K, 100% used [0x00000000eab00000,0x00000000eeb00000,0x00000000eeb00000)
  from space 2560K, 99% used [0x00000000eed80000,0x00000000eeffd8d8,0x00000000ef000000)
  to   space 2560K, 0% used [0x00000000eeb00000,0x00000000eeb00000,0x00000000eed80000)
 ParOldGen       total 44032K, used 12353K [0x00000000c0000000, 0x00000000c2b00000, 0x00000000eab00000)
  object space 44032K, 28% used [0x00000000c0000000,0x00000000c0c104f8,0x00000000c2b00000)
 Metaspace       used 6302K, capacity 7152K, committed 7296K, reserved 1056768K
  class space    used 604K, capacity 616K, committed 640K, reserved 1048576K
Event: 18.570 GC heap after
Heap after GC invocations=5 (full 0):
 PSYoungGen      total 68096K, used 2534K [0x00000000eab00000, 0x00000000f4600000, 0x0000000100000000)
  eden space 65536K, 0% used [0x00000000eab00000,0x00000000eab00000,0x00000000eeb00000)
  from space 2560K, 98% used [0x00000000eeb00000,0x00000000eed798c8,0x00000000eed80000)
  to   space 13824K, 0% used [0x00000000f3880000,0x00000000f3880000,0x00000000f4600000)
 ParOldGen       total 44032K, used 23106K [0x00000000c0000000, 0x00000000c2b00000, 0x00000000eab00000)
  object space 44032K, 52% used [0x00000000c0000000,0x00000000c1690be0,0x00000000c2b00000)
 Metaspace       used 6302K, capacity 7152K, committed 7296K, reserved 1056768K
  class space    used 604K, capacity 616K, committed 640K, reserved 1048576K
}
Event: 23.310 GC heap before
{Heap before GC invocations=6 (full 0):
 PSYoungGen      total 68096K, used 68070K [0x00000000eab00000, 0x00000000f4600000, 0x0000000100000000)
  eden space 65536K, 100% used [0x00000000eab00000,0x00000000eeb00000,0x00000000eeb00000)
  from space 2560K, 98% used [0x00000000eeb00000,0x00000000eed798c8,0x00000000eed80000)
  to   space 13824K, 0% used [0x00000000f3880000,0x00000000f3880000,0x00000000f4600000)
 ParOldGen       total 44032K, used 23106K [0x00000000c0000000, 0x00000000c2b00000, 0x00000000eab00000)
  object space 44032K, 52% used [0x00000000c0000000,0x00000000c1690be0,0x00000000c2b00000)
 Metaspace       used 6489K, capacity 7256K, committed 7424K, reserved 1056768K
  class space    used 625K, capacity 656K, committed 768K, reserved 1048576K
Event: 24.142 GC heap after
Heap after GC invocations=6 (full 0):
 PSYoungGen      total 142848K, used 12581K [0x00000000eab00000, 0x00000000f4a00000, 0x0000000100000000)
  eden space 129024K, 0% used [0x00000000eab00000,0x00000000eab00000,0x00000000f2900000)
  from space 13824K, 91% used [0x00000000f3880000,0x00000000f44c9638,0x00000000f4600000)
  to   space 15872K, 0% used [0x00000000f2900000,0x00000000f2900000,0x00000000f3880000)
 ParOldGen       total 44032K, used 23106K [0x00000000c0000000, 0x00000000c2b00000, 0x00000000eab00000)
  object space 44032K, 52% used [0x00000000c0000000,0x00000000c1690be0,0x00000000c2b00000)
 Metaspace       used 6489K, capacity 7256K, committed 7424K, reserved 1056768K
  class space    used 625K, capacity 656K, committed 768K, reserved 1048576K
}
Event: 28.892 GC heap before
{Heap before GC invocations=7 (full 0):
 PSYoungGen      total 142848K, used 141605K [0x00000000eab00000, 0x00000000f4a00000, 0x0000000100000000)
  eden space 129024K, 100% used [0x00000000eab00000,0x00000000f2900000,0x00000000f2900000)
  from space 13824K, 91% used [0x00000000f3880000,0x00000000f44c9638,0x00000000f4600000)
  to   space 15872K, 0% used [0x00000000f2900000,0x00000000f2900000,0x00000000f3880000)
 ParOldGen       total 44032K, used 23106K [0x00000000c0000000, 0x00000000c2b00000, 0x00000000eab00000)
  object space 44032K, 52% used [0x00000000c0000000,0x00000000c1690be0,0x00000000c2b00000)
 Metaspace       used 6840K, capacity 7544K, committed 7680K, reserved 1056768K
  class space    used 643K, capacity 688K, committed 768K, reserved 1048576K
Event: 30.066 GC heap after
Heap after GC invocations=7 (full 0):
 PSYoungGen      total 144896K, used 15863K [0x00000000eab00000, 0x00000000fd500000, 0x0000000100000000)
  eden space 129024K, 0% used [0x00000000eab00000,0x00000000eab00000,0x00000000f2900000)
  from space 15872K, 99% used [0x00000000f2900000,0x00000000f387dd30,0x00000000f3880000)
  to   space 23552K, 0% used [0x00000000fbe00000,0x00000000fbe00000,0x00000000fd500000)
 ParOldGen       total 44032K, used 32355K [0x00000000c0000000, 0x00000000c2b00000, 0x00000000eab00000)
  object space 44032K, 73% used [0x00000000c0000000,0x00000000c1f98c58,0x00000000c2b00000)
 Metaspace       used 6840K, capacity 7544K, committed 7680K, reserved 1056768K
  class space    used 643K, capacity 688K, committed 768K, reserved 1048576K
}
Event: 30.066 GC heap before
{Heap before GC invocations=8 (full 1):
 PSYoungGen      total 144896K, used 15863K [0x00000000eab00000, 0x00000000fd500000, 0x0000000100000000)
  eden space 129024K, 0% used [0x00000000eab00000,0x00000000eab00000,0x00000000f2900000)
  from space 15872K, 99% used [0x00000000f2900000,0x00000000f387dd30,0x00000000f3880000)
  to   space 23552K, 0% used [0x00000000fbe00000,0x00000000fbe00000,0x00000000fd500000)
 ParOldGen       total 44032K, used 32355K [0x00000000c0000000, 0x00000000c2b00000, 0x00000000eab00000)
  object space 44032K, 73% used [0x00000000c0000000,0x00000000c1f98c58,0x00000000c2b00000)
 Metaspace       used 6840K, capacity 7544K, committed 7680K, reserved 1056768K
  class space    used 643K, capacity 688K, committed 768K, reserved 1048576K
Event: 32.008 GC heap after
Heap after GC invocations=8 (full 1):
 PSYoungGen      total 144896K, used 0K [0x00000000eab00000, 0x00000000fd500000, 0x0000000100000000)
  eden space 129024K, 0% used [0x00000000eab00000,0x00000000eab00000,0x00000000f2900000)
  from space 15872K, 0% used [0x00000000f2900000,0x00000000f2900000,0x00000000f3880000)
  to   space 23552K, 0% used [0x00000000fbe00000,0x00000000fbe00000,0x00000000fd500000)
 ParOldGen       total 69120K, used 35006K [0x00000000c0000000, 0x00000000c4380000, 0x00000000eab00000)
  object space 69120K, 50% used [0x00000000c0000000,0x00000000c222f820,0x00000000c4380000)
 Metaspace       used 6840K, capacity 7544K, committed 7680K, reserved 1056768K
  class space    used 643K, capacity 688K, committed 768K, reserved 1048576K
}

Deoptimization events (10 events):
Event: 27.408 Thread 0x00000000023de000 Uncommon trap: reason=class_check action=maybe_recompile pc=0x00000000033c7814 method=java.util.Arrays.equals([Ljava/lang/Object;[Ljava/lang/Object;)Z @ 62
Event: 27.408 Thread 0x00000000023de000 Uncommon trap: reason=speculate_class_check action=maybe_recompile pc=0x0000000002c55ba8 method=com.android.dx.util.FixedSizeList.equals(Ljava/lang/Object;)Z @ 25
Event: 27.408 Thread 0x00000000023de000 Uncommon trap: reason=class_check action=maybe_recompile pc=0x00000000033c7814 method=java.util.Arrays.equals([Ljava/lang/Object;[Ljava/lang/Object;)Z @ 62
Event: 27.409 Thread 0x00000000023de000 Uncommon trap: reason=speculate_class_check action=maybe_recompile pc=0x0000000002c55ba8 method=com.android.dx.util.FixedSizeList.equals(Ljava/lang/Object;)Z @ 25
Event: 27.409 Thread 0x00000000023de000 Uncommon trap: reason=class_check action=maybe_recompile pc=0x00000000033c7814 method=java.util.Arrays.equals([Ljava/lang/Object;[Ljava/lang/Object;)Z @ 62
Event: 27.409 Thread 0x00000000023de000 Uncommon trap: reason=class_check action=maybe_recompile pc=0x00000000033c7814 method=java.util.Arrays.equals([Ljava/lang/Object;[Ljava/lang/Object;)Z @ 62
Event: 27.453 Thread 0x00000000023de000 Uncommon trap: reason=unstable_if action=reinterpret pc=0x0000000002a1ad30 method=com.android.dx.dex.code.OutputFinisher.findOpcodeForInsn(Lcom/android/dx/dex/code/DalvInsn;Lcom/android/dx/dex/code/Dop;)Lcom/android/dx/dex/code/Dop; @ 1
Event: 27.634 Thread 0x00000000023de000 Uncommon trap: reason=unstable_if action=reinterpret pc=0x00000000031266ec method=java.util.TreeMap.put(Ljava/lang/Object;Ljava/lang/Object;)Ljava/lang/Object; @ 163
Event: 27.672 Thread 0x00000000023de000 Uncommon trap: reason=unstable_if action=reinterpret pc=0x0000000002a30e20 method=com.android.dx.rop.code.RegisterSpec.matchesVariable(Lcom/android/dx/rop/code/RegisterSpec;)Z @ 59
Event: 32.319 Thread 0x00000000023de000 Uncommon trap: reason=unstable_if action=reinterpret pc=0x00000000032ce194 method=java.util.ArrayList.<init>(I)V @ 5

Internal exceptions (7 events):
Event: 0.081 Thread 0x00000000023de000 Exception <a 'java/lang/NoSuchMethodError': Method sun.misc.Unsafe.defineClass(Ljava/lang/String;[BII)Ljava/lang/Class; name or signature does not match> (0x00000000eab0d6f0) thrown at [C:\workspace\8-2-build-windows-amd64-cygwin\jdk8u65\4987\hotspot\src\sçÆW∑∫æ¥?
Event: 0.081 Thread 0x00000000023de000 Exception <a 'java/lang/NoSuchMethodError': Method sun.misc.Unsafe.prefetchRead(Ljava/lang/Object;J)V name or signature does not match> (0x00000000eab0d9d8) thrown at [C:\workspace\8-2-build-windows-amd64-cygwin\jdk8u65\4987\hotspot\src\share\vm\prims\jni.Ÿujº%@
Event: 10.868 Thread 0x000000005686a000 Implicit null exception at 0x0000000002f3482f to 0x0000000002f37899
Event: 21.269 Thread 0x000000005689b000 Exception <a 'java/lang/ArrayIndexOutOfBoundsException': 18> (0x00000000ebd5a660) thrown at [C:\workspace\8-2-build-windows-amd64-cygwin\jdk8u65\4987\hotspot\src\share\vm\interpreter\interpreterRuntime.cpp, line 366]
Event: 21.270 Thread 0x000000005689b000 Exception <a 'java/lang/ArrayIndexOutOfBoundsException': 145> (0x00000000ebd5c1e0) thrown at [C:\workspace\8-2-build-windows-amd64-cygwin\jdk8u65\4987\hotspot\src\share\vm\interpreter\interpreterRuntime.cpp, line 366]
Event: 21.276 Thread 0x000000005689b000 Exception <a 'java/lang/ArrayIndexOutOfBoundsException'> (0x00000000ebd5d4c8) thrown at [C:\workspace\8-2-build-windows-amd64-cygwin\jdk8u65\4987\hotspot\src\share\vm\runtime\sharedRuntime.cpp, line 605]
Event: 23.291 Thread 0x000000005686d800 Implicit null exception at 0x000000000318b02b to 0x000000000318c795

Events (10 events):
Event: 32.008 Executing VM operation: ParallelGCFailedAllocation done
Event: 32.297 loading class com/android/dx/dex/file/DebugInfoEncoder
Event: 32.297 loading class com/android/dx/dex/file/DebugInfoEncoder done
Event: 32.316 loading class com/android/dx/dex/file/DebugInfoEncoder$1
Event: 32.316 loading class com/android/dx/dex/file/DebugInfoEncoder$1 done
Event: 32.318 loading class com/android/dx/dex/file/DebugInfoEncoder$2
Event: 32.318 loading class com/android/dx/dex/file/DebugInfoEncoder$2 done
Event: 32.319 Thread 0x00000000023de000 Uncommon trap: trap_request=0xffffff65 fr.pc=0x00000000032ce194
Event: 32.319 Thread 0x00000000023de000 DEOPT PACKING pc=0x00000000032ce194 sp=0x000000000251e9f0
Event: 32.319 Thread 0x00000000023de000 DEOPT UNPACKING pc=0x000000000295582a sp=0x000000000251e998 mode 2


Dynamic libraries:
0x000000013fb90000 - 0x000000013fbc7000 	C:\Program Files\Java\jdk1.8.0_65\bin\java.exe
0x0000000076e60000 - 0x000000007700a000 	C:\Windows\SYSTEM32\ntdll.dll
0x0000000076c40000 - 0x0000000076d5f000 	C:\Windows\system32\kernel32.dll
0x000007fefcc80000 - 0x000007fefccea000 	C:\Windows\system32\KERNELBASE.dll
0x000007fefcf50000 - 0x000007fefd02b000 	C:\Windows\system32\ADVAPI32.dll
0x000007fefe090000 - 0x000007fefe12f000 	C:\Windows\system32\msvcrt.dll
0x000007fefd100000 - 0x000007fefd11f000 	C:\Windows\SYSTEM32\sechost.dll
0x000007fefef20000 - 0x000007feff04d000 	C:\Windows\system32\RPCRT4.dll
0x0000000076d60000 - 0x0000000076e5a000 	C:\Windows\system32\USER32.dll
0x000007feff100000 - 0x000007feff167000 	C:\Windows\system32\GDI32.dll
0x000007fefe340000 - 0x000007fefe34e000 	C:\Windows\system32\LPK.dll
0x000007fefd030000 - 0x000007fefd0fa000 	C:\Windows\system32\USP10.dll
0x000007fefa060000 - 0x000007fefa254000 	C:\Windows\WinSxS\amd64_microsoft.windows.common-controls_6595b64144ccf1df_6.0.7601.18837_none_fa3b1e3d17594757\COMCTL32.dll
0x000007feff050000 - 0x000007feff0c1000 	C:\Windows\system32\SHLWAPI.dll
0x000007feff0d0000 - 0x000007feff0fe000 	C:\Windows\system32\IMM32.DLL
0x000007fefea10000 - 0x000007fefeb19000 	C:\Windows\system32\MSCTF.dll
0x00000000707c0000 - 0x0000000070892000 	C:\Program Files\Java\jdk1.8.0_65\jre\bin\msvcr100.dll
0x0000000061c10000 - 0x0000000062499000 	C:\Program Files\Java\jdk1.8.0_65\jre\bin\server\jvm.dll
0x000007fef6a50000 - 0x000007fef6a59000 	C:\Windows\system32\WSOCK32.dll
0x000007fefe3b0000 - 0x000007fefe3fd000 	C:\Windows\system32\WS2_32.dll
0x000007fefe590000 - 0x000007fefe598000 	C:\Windows\system32\NSI.dll
0x000007fefa550000 - 0x000007fefa58b000 	C:\Windows\system32\WINMM.dll
0x000007fefbc20000 - 0x000007fefbc2c000 	C:\Windows\system32\VERSION.dll
0x0000000077030000 - 0x0000000077037000 	C:\Windows\system32\PSAPI.DLL
0x0000000072100000 - 0x000000007210f000 	C:\Program Files\Java\jdk1.8.0_65\jre\bin\verify.dll
0x0000000071460000 - 0x0000000071489000 	C:\Program Files\Java\jdk1.8.0_65\jre\bin\java.dll
0x00000000720e0000 - 0x00000000720f6000 	C:\Program Files\Java\jdk1.8.0_65\jre\bin\zip.dll
0x000007fefd300000 - 0x000007fefe08a000 	C:\Windows\system32\SHELL32.dll
0x000007fefe130000 - 0x000007fefe333000 	C:\Windows\system32\ole32.dll
0x000007fefcba0000 - 0x000007fefcbaf000 	C:\Windows\system32\profapi.dll

VM Arguments:
jvm_args: -Djava.awt.headless=true -Xmx1024M -Dfile.encoding=windows-1252 -Duser.country=US -Duser.language=en -Duser.variant 
java_command: com.android.dx.command.Main --dex --num-threads=4 --output C:\Users\S525894\Desktop\MyApplication\app\build\intermediates\pre-dexed\debug\com.android.support-appcompat-v7-24.2.0_dcbb2a98101394d079225996b77d8271add1c4ee.jar C:\Users\S525894\Desktop\MyApplication\app\build\intermediates\exploded-aar\com.android.support\appcompat-v7\24.2.0\jars\classes.jar
java_class_path (initial): C:\Users\S525894\AppData\Local\Android\sdk\build-tools\24.0.2\lib\dx.jar
Launcher Type: SUN_STANDARD

Environment Variables:
PATH=C:\app\OracleHomeUser1\product\12.1.0\dbhome_1\bin;C:\ProgramData\Oracle\Java\javapath;C:\Program Files\Common Files\Microsoft Shared\Woindows Live;C:\Program Files (x86)\Common Files\Microsoft Shared\Windows Live;C:\Windows\system32;C:\Windows;C:\Windows\System32\Wbem;C:\Windows\System32\WindowsPowerShell\v1.0\;C:\Program Files (x86)\Windows Live\Shared;C:\Program Files\Intel\WiFi\bin\;C:\Program Files\Common Files\Intel\WirelessCommon\;C:\Program Files\Intel\WiFi\bin\;C:\Program Files\Common Files\Intel\WirelessCommon\;C:\Program Files\Java\jdk1.8.0_65/bin;C:\adb;C:\Program Files\RogueKiller;C:\Program Files\Git\cmd;C:\Program Files\Intel\WiFi\bin\;C:\Program Files\Common Files\Intel\WirelessCommon\;C:\Program Files\Java\jdk1.8.0_65/bin
USERNAME=S525894
OS=Windows_NT
PROCESSOR_IDENTIFIER=Intel64 Family 6 Model 69 Stepping 1, GenuineIntel



---------------  S Y S T E M  ---------------

OS: Windows 7 , 64 bit Build 7601 (6.1.7601.23569)

CPU:total 4 (2 cores per cpu, 2 threads per core) family 6 model 69 stepping 1, cmov, cx8, fxsr, mmx, sse, sse2, sse3, ssse3, sse4.1, sse4.2, popcnt, avx, avx2, aes, clmul, erms, lzcnt, ht, tsc, tscinvbit, bmi1, bmi2

Memory: 4k page, physical 4088944k(61860k free), swap 11024164k(5120k free)

vm_info: Java HotSpot(TM) 64-Bit Server VM (25.65-b01) for windows-amd64 JRE (1.8.0_65-b17), built on Oct  6 2015 16:39:20 by "java_re" with MS VC++ 10.0 (VS2010)

time: Thu Nov 24 16:28:21 2016
elapsed time: 32 seconds (0d 0h 0m 32s)

