#
# There is insufficient memory for the Java Runtime Environment to continue.
# Native memory allocation (malloc) failed to allocate 964880 bytes for Chunk::new
# Possible reasons:
#   The system is out of physical RAM or swap space
#   In 32 bit mode, the process size limit was hit
# Possible solutions:
#   Reduce memory load on the system
#   Increase physical memory or swap space
#   Check if swap backing store is full
#   Use 64 bit Java on a 64 bit OS
#   Decrease Java heap size (-Xmx/-Xms)
#   Decrease number of Java threads
#   Decrease Java thread stack sizes (-Xss)
#   Set larger code cache with -XX:ReservedCodeCacheSize=
# This output file may be truncated or incomplete.
#
#  Out of Memory Error (allocation.cpp:390), pid=11304, tid=5228
#
# JRE version: Java(TM) SE Runtime Environment (8.0_65-b17) (build 1.8.0_65-b17)
# Java VM: Java HotSpot(TM) 64-Bit Server VM (25.65-b01 mixed mode windows-amd64 compressed oops)
# Failed to write core dump. Minidumps are not enabled by default on client versions of Windows
#

---------------  T H R E A D  ---------------

Current thread (0x0000000056627000):  JavaThread "C2 CompilerThread1" daemon [_thread_in_native, id=5228, stack(0x0000000056ff0000,0x00000000570f0000)]

Stack: [0x0000000056ff0000,0x00000000570f0000]
[error occurred during error reporting (printing stack bounds), id 0xc0000005]

Native frames: (J=compiled Java code, j=interpreted, Vv=VM code, C=native code)


Current CompileTask:
C2:  10253 1727   !   4       com.android.dx.cf.code.BytecodeArray::parseInstruction (2764 bytes)


---------------  P R O C E S S  ---------------

Java Threads: ( => current thread )
  0x00000000568b0800 JavaThread "pool-2-thread-4" [_thread_blocked, id=6348, stack(0x0000000057a20000,0x0000000057b20000)]
  0x0000000056894000 JavaThread "pool-2-thread-3" [_thread_blocked, id=9624, stack(0x00000000577d0000,0x00000000578d0000)]
  0x0000000056893800 JavaThread "pool-2-thread-2" [_thread_blocked, id=1712, stack(0x00000000576d0000,0x00000000577d0000)]
  0x000000005688f800 JavaThread "pool-3-thread-1" [_thread_blocked, id=5000, stack(0x0000000057530000,0x0000000057630000)]
  0x000000005688d800 JavaThread "pool-2-thread-1" [_thread_blocked, id=10960, stack(0x0000000057370000,0x0000000057470000)]
  0x000000005669b000 JavaThread "Service Thread" daemon [_thread_blocked, id=1668, stack(0x0000000057110000,0x0000000057210000)]
  0x0000000056628000 JavaThread "C1 CompilerThread2" daemon [_thread_blocked, id=8420, stack(0x0000000056c30000,0x0000000056d30000)]
=>0x0000000056627000 JavaThread "C2 CompilerThread1" daemon [_thread_in_native, id=5228, stack(0x0000000056ff0000,0x00000000570f0000)]
  0x0000000056623800 JavaThread "C2 CompilerThread0" daemon [_thread_in_native, id=3988, stack(0x0000000056e00000,0x0000000056f00000)]
  0x0000000055133800 JavaThread "Attach Listener" daemon [_thread_blocked, id=6128, stack(0x0000000056250000,0x0000000056350000)]
  0x0000000055132000 JavaThread "Signal Dispatcher" daemon [_thread_blocked, id=2896, stack(0x0000000056b20000,0x0000000056c20000)]
  0x00000000550d7000 JavaThread "Finalizer" daemon [_thread_blocked, id=7272, stack(0x0000000056520000,0x0000000056620000)]
  0x00000000550d0000 JavaThread "Reference Handler" daemon [_thread_blocked, id=11176, stack(0x00000000563c0000,0x00000000564c0000)]
  0x000000000024e000 JavaThread "main" [_thread_blocked, id=10724, stack(0x00000000025b0000,0x00000000026b0000)]

Other Threads:
  0x00000000550ca800 VMThread [stack: 0x0000000056100000,0x0000000056200000] [id=6324]
  0x00000000566a6000 WatcherThread [stack: 0x0000000057240000,0x0000000057340000] [id=12000]

VM state:not at safepoint (normal execution)

VM Mutex/Monitor currently owned by a thread: None

Heap:
 PSYoungGen      total 35328K, used 8984K [0x00000000eab00000, 0x00000000ed000000, 0x0000000100000000)
  eden space 32768K, 19% used [0x00000000eab00000,0x00000000eb1488d8,0x00000000ecb00000)
  from space 2560K, 99% used [0x00000000ecd80000,0x00000000ecffdb20,0x00000000ed000000)
  to   space 2560K, 0% used [0x00000000ecb00000,0x00000000ecb00000,0x00000000ecd80000)
 ParOldGen       total 44032K, used 7883K [0x00000000c0000000, 0x00000000c2b00000, 0x00000000eab00000)
  object space 44032K, 17% used [0x00000000c0000000,0x00000000c07b2d90,0x00000000c2b00000)
 Metaspace       used 6234K, capacity 7088K, committed 7296K, reserved 1056768K
  class space    used 600K, capacity 616K, committed 640K, reserved 1048576K

Card table byte_map: [0x0000000011d40000,0x0000000011f50000] byte_map_base: 0x0000000011740000

Marking Bits: (ParMarkBitMap*) 0x0000000065a4a5b0
 Begin Bits: [0x0000000012540000, 0x0000000013540000)
 End Bits:   [0x0000000013540000, 0x0000000014540000)

Polling page: 0x0000000000230000

CodeCache: size=245760Kb used=7398Kb max_used=7398Kb free=238361Kb
 bounds [0x0000000002980000, 0x00000000030c0000, 0x0000000011980000]
 total_blobs=2004 nmethods=1735 adapters=182
 compilation: enabled

Compilation events (10 events):
Event: 9.565 Thread 0x0000000056628000 1759       3       com.android.dx.dex.file.EncodedField::<init> (25 bytes)
Event: 9.565 Thread 0x0000000056628000 nmethod 1759 0x00000000030b86d0 code [0x00000000030b8860, 0x00000000030b8b88]
Event: 9.569 Thread 0x0000000056628000 1761       3       com.android.dx.ssa.SsaInsn::setResult (20 bytes)
Event: 9.570 Thread 0x0000000056628000 nmethod 1761 0x00000000030b8cd0 code [0x00000000030b8e40, 0x00000000030b90a8]
Event: 9.570 Thread 0x0000000056628000 1762       3       com.android.dx.ssa.PhiTypeResolver::resolveResultType (308 bytes)
Event: 9.576 Thread 0x0000000056628000 nmethod 1762 0x00000000030b9190 code [0x00000000030b9620, 0x00000000030bcc38]
Event: 9.576 Thread 0x0000000056628000 1764       3       java.util.Collections$UnmodifiableList::get (11 bytes)
Event: 9.576 Thread 0x0000000056628000 nmethod 1764 0x00000000030be6d0 code [0x00000000030be840, 0x00000000030bea68]
Event: 9.576 Thread 0x0000000056628000 1763       3       com.android.dx.ssa.LiteralOpUpgrader$1::visitPhiInsn (1 bytes)
Event: 9.576 Thread 0x0000000056628000 nmethod 1763 0x00000000030beb10 code [0x00000000030bec60, 0x00000000030bedb0]

GC Heap History (8 events):
Event: 3.681 GC heap before
{Heap before GC invocations=1 (full 0):
 PSYoungGen      total 18944K, used 16384K [0x00000000eab00000, 0x00000000ec000000, 0x0000000100000000)
  eden space 16384K, 100% used [0x00000000eab00000,0x00000000ebb00000,0x00000000ebb00000)
  from space 2560K, 0% used [0x00000000ebd80000,0x00000000ebd80000,0x00000000ec000000)
  to   space 2560K, 0% used [0x00000000ebb00000,0x00000000ebb00000,0x00000000ebd80000)
 ParOldGen       total 44032K, used 0K [0x00000000c0000000, 0x00000000c2b00000, 0x00000000eab00000)
  object space 44032K, 0% used [0x00000000c0000000,0x00000000c0000000,0x00000000c2b00000)
 Metaspace       used 5422K, capacity 6384K, committed 6528K, reserved 1056768K
  class space    used 591K, capacity 616K, committed 640K, reserved 1048576K
Event: 4.243 GC heap after
Heap after GC invocations=1 (full 0):
 PSYoungGen      total 18944K, used 2531K [0x00000000eab00000, 0x00000000ec000000, 0x0000000100000000)
  eden space 16384K, 0% used [0x00000000eab00000,0x00000000eab00000,0x00000000ebb00000)
  from space 2560K, 98% used [0x00000000ebb00000,0x00000000ebd78eb8,0x00000000ebd80000)
  to   space 2560K, 0% used [0x00000000ebd80000,0x00000000ebd80000,0x00000000ec000000)
 ParOldGen       total 44032K, used 609K [0x00000000c0000000, 0x00000000c2b00000, 0x00000000eab00000)
  object space 44032K, 1% used [0x00000000c0000000,0x00000000c00985e8,0x00000000c2b00000)
 Metaspace       used 5422K, capacity 6384K, committed 6528K, reserved 1056768K
  class space    used 591K, capacity 616K, committed 640K, reserved 1048576K
}
Event: 6.325 GC heap before
{Heap before GC invocations=2 (full 0):
 PSYoungGen      total 18944K, used 18915K [0x00000000eab00000, 0x00000000ec000000, 0x0000000100000000)
  eden space 16384K, 100% used [0x00000000eab00000,0x00000000ebb00000,0x00000000ebb00000)
  from space 2560K, 98% used [0x00000000ebb00000,0x00000000ebd78eb8,0x00000000ebd80000)
  to   space 2560K, 0% used [0x00000000ebd80000,0x00000000ebd80000,0x00000000ec000000)
 ParOldGen       total 44032K, used 609K [0x00000000c0000000, 0x00000000c2b00000, 0x00000000eab00000)
  object space 44032K, 1% used [0x00000000c0000000,0x00000000c00985e8,0x00000000c2b00000)
 Metaspace       used 6018K, capacity 6960K, committed 7040K, reserved 1056768K
  class space    used 597K, capacity 616K, committed 640K, reserved 1048576K
Event: 6.355 GC heap after
Heap after GC invocations=2 (full 0):
 PSYoungGen      total 18944K, used 2551K [0x00000000eab00000, 0x00000000ed000000, 0x0000000100000000)
  eden space 16384K, 0% used [0x00000000eab00000,0x00000000eab00000,0x00000000ebb00000)
  from space 2560K, 99% used [0x00000000ebd80000,0x00000000ebffdc78,0x00000000ec000000)
  to   space 2560K, 0% used [0x00000000ebb00000,0x00000000ebb00000,0x00000000ebd80000)
 ParOldGen       total 44032K, used 2396K [0x00000000c0000000, 0x00000000c2b00000, 0x00000000eab00000)
  object space 44032K, 5% used [0x00000000c0000000,0x00000000c0257320,0x00000000c2b00000)
 Metaspace       used 6018K, capacity 6960K, committed 7040K, reserved 1056768K
  class space    used 597K, capacity 616K, committed 640K, reserved 1048576K
}
Event: 8.002 GC heap before
{Heap before GC invocations=3 (full 0):
 PSYoungGen      total 18944K, used 18935K [0x00000000eab00000, 0x00000000ed000000, 0x0000000100000000)
  eden space 16384K, 100% used [0x00000000eab00000,0x00000000ebb00000,0x00000000ebb00000)
  from space 2560K, 99% used [0x00000000ebd80000,0x00000000ebffdc78,0x00000000ec000000)
  to   space 2560K, 0% used [0x00000000ebb00000,0x00000000ebb00000,0x00000000ebd80000)
 ParOldGen       total 44032K, used 2396K [0x00000000c0000000, 0x00000000c2b00000, 0x00000000eab00000)
  object space 44032K, 5% used [0x00000000c0000000,0x00000000c0257320,0x00000000c2b00000)
 Metaspace       used 6117K, capacity 7024K, committed 7296K, reserved 1056768K
  class space    used 598K, capacity 616K, committed 640K, reserved 1048576K
Event: 8.015 GC heap after
Heap after GC invocations=3 (full 0):
 PSYoungGen      total 18944K, used 2547K [0x00000000eab00000, 0x00000000ed000000, 0x0000000100000000)
  eden space 16384K, 0% used [0x00000000eab00000,0x00000000eab00000,0x00000000ebb00000)
  from space 2560K, 99% used [0x00000000ebb00000,0x00000000ebd7ce58,0x00000000ebd80000)
  to   space 2560K, 0% used [0x00000000ecd80000,0x00000000ecd80000,0x00000000ed000000)
 ParOldGen       total 44032K, used 4874K [0x00000000c0000000, 0x00000000c2b00000, 0x00000000eab00000)
  object space 44032K, 11% used [0x00000000c0000000,0x00000000c04c2860,0x00000000c2b00000)
 Metaspace       used 6117K, capacity 7024K, committed 7296K, reserved 1056768K
  class space    used 598K, capacity 616K, committed 640K, reserved 1048576K
}
Event: 9.052 GC heap before
{Heap before GC invocations=4 (full 0):
 PSYoungGen      total 18944K, used 18931K [0x00000000eab00000, 0x00000000ed000000, 0x0000000100000000)
  eden space 16384K, 100% used [0x00000000eab00000,0x00000000ebb00000,0x00000000ebb00000)
  from space 2560K, 99% used [0x00000000ebb00000,0x00000000ebd7ce58,0x00000000ebd80000)
  to   space 2560K, 0% used [0x00000000ecd80000,0x00000000ecd80000,0x00000000ed000000)
 ParOldGen       total 44032K, used 4874K [0x00000000c0000000, 0x00000000c2b00000, 0x00000000eab00000)
  object space 44032K, 11% used [0x00000000c0000000,0x00000000c04c2860,0x00000000c2b00000)
 Metaspace       used 6178K, capacity 7088K, committed 7296K, reserved 1056768K
  class space    used 600K, capacity 616K, committed 640K, reserved 1048576K
Event: 9.208 GC heap after
Heap after GC invocations=4 (full 0):
 PSYoungGen      total 35328K, used 2550K [0x00000000eab00000, 0x00000000ed000000, 0x0000000100000000)
  eden space 32768K, 0% used [0x00000000eab00000,0x00000000eab00000,0x00000000ecb00000)
  from space 2560K, 99% used [0x00000000ecd80000,0x00000000ecffdb20,0x00000000ed000000)
  to   space 2560K, 0% used [0x00000000ecb00000,0x00000000ecb00000,0x00000000ecd80000)
 ParOldGen       total 44032K, used 7883K [0x00000000c0000000, 0x00000000c2b00000, 0x00000000eab00000)
  object space 44032K, 17% used [0x00000000c0000000,0x00000000c07b2d90,0x00000000c2b00000)
 Metaspace       used 6178K, capacity 7088K, committed 7296K, reserved 1056768K
  class space    used 600K, capacity 616K, committed 640K, reserved 1048576K
}

Deoptimization events (10 events):
Event: 7.118 Thread 0x00000000568b0800 Uncommon trap: reason=class_check action=maybe_recompile pc=0x0000000002da1da0 method=com.android.dx.ssa.NormalSsaInsn.accept(Lcom/android/dx/ssa/SsaInsn$Visitor;)V @ 9
Event: 7.118 Thread 0x00000000568b0800 Uncommon trap: reason=class_check action=maybe_recompile pc=0x0000000002da1da0 method=com.android.dx.ssa.NormalSsaInsn.accept(Lcom/android/dx/ssa/SsaInsn$Visitor;)V @ 9
Event: 7.119 Thread 0x00000000568b0800 Uncommon trap: reason=class_check action=maybe_recompile pc=0x0000000002bba8e0 method=com.android.dx.ssa.NormalSsaInsn.accept(Lcom/android/dx/ssa/SsaInsn$Visitor;)V @ 9
Event: 7.236 Thread 0x000000005688d800 Uncommon trap: reason=uninitialized action=reinterpret pc=0x0000000002f00df8 method=com.android.dx.cf.code.BytecodeArray.parseInstruction(ILcom/android/dx/cf/code/BytecodeArray$Visitor;)I @ 1031
Event: 7.264 Thread 0x000000000024e000 Uncommon trap: reason=unstable_if action=reinterpret pc=0x0000000002eeed40 method=com.android.dx.rop.cst.StdConstantPool.set(ILcom/android/dx/rop/cst/Constant;)V @ 12
Event: 7.735 Thread 0x000000005688d800 Uncommon trap: reason=unstable_if action=reinterpret pc=0x0000000002e9ae64 method=com.android.dx.ssa.SsaRenamer$BlockRenamer.addMapping(ILcom/android/dx/rop/code/RegisterSpec;)V @ 120
Event: 8.956 Thread 0x000000000024e000 Uncommon trap: reason=unstable_if action=reinterpret pc=0x0000000002eacba8 method=com.android.dx.rop.cst.StdConstantPool.set(ILcom/android/dx/rop/cst/Constant;)V @ 12
Event: 8.981 Thread 0x000000005688d800 Uncommon trap: reason=unstable_if action=reinterpret pc=0x0000000002f2b208 method=com.android.dx.rop.code.RegisterSpecSet.localItemToSpec(Lcom/android/dx/rop/code/LocalItem;)Lcom/android/dx/rop/code/RegisterSpec; @ 35
Event: 8.984 Thread 0x000000005688d800 Uncommon trap: reason=unstable_if action=reinterpret pc=0x0000000002daedc4 method=com.android.dx.rop.cst.Constant.compareTo(Lcom/android/dx/rop/cst/Constant;)I @ 12
Event: 9.044 Thread 0x000000005688d800 Uncommon trap: reason=unstable_if action=reinterpret pc=0x0000000002df9f20 method=com.android.dx.ssa.SsaRenamer$BlockRenamer.addMapping(ILcom/android/dx/rop/code/RegisterSpec;)V @ 120

Internal exceptions (4 events):
Event: 0.223 Thread 0x000000000024e000 Exception <a 'java/lang/NoSuchMethodError': Method sun.misc.Unsafe.defineClass(Ljava/lang/String;[BII)Ljava/lang/Class; name or signature does not match> (0x00000000eab0d688) thrown at [C:\workspace\8-2-build-windows-amd64-cygwin\jdk8u65\4987\hotspot\src\s`ºñc²‡Ì?
Event: 0.223 Thread 0x000000000024e000 Exception <a 'java/lang/NoSuchMethodError': Method sun.misc.Unsafe.prefetchRead(Ljava/lang/Object;J)V name or signature does not match> (0x00000000eab0d970) thrown at [C:\workspace\8-2-build-windows-amd64-cygwin\jdk8u65\4987\hotspot\src\share\vm\prims\jni.•[¹	ç@
Event: 5.226 Thread 0x0000000056893800 Implicit null exception at 0x0000000002c4e719 to 0x0000000002c4ffcd
Event: 6.439 Thread 0x0000000056893800 Implicit null exception at 0x0000000002cb6392 to 0x0000000002cb648a

Events (10 events):
Event: 8.981 Thread 0x000000005688d800 DEOPT PACKING pc=0x0000000002f2b208 sp=0x000000005746e590
Event: 8.982 Thread 0x000000005688d800 DEOPT UNPACKING pc=0x00000000029c582a sp=0x000000005746e4e8 mode 2
Event: 8.984 Thread 0x000000005688d800 Uncommon trap: trap_request=0xffffff65 fr.pc=0x0000000002daedc4
Event: 8.984 Thread 0x000000005688d800 DEOPT PACKING pc=0x0000000002daedc4 sp=0x000000005746e100
Event: 8.984 Thread 0x000000005688d800 DEOPT UNPACKING pc=0x00000000029c582a sp=0x000000005746e0a0 mode 2
Event: 9.044 Thread 0x000000005688d800 Uncommon trap: trap_request=0xffffff65 fr.pc=0x0000000002df9f20
Event: 9.044 Thread 0x000000005688d800 DEOPT PACKING pc=0x0000000002df9f20 sp=0x000000005746e3d0
Event: 9.044 Thread 0x000000005688d800 DEOPT UNPACKING pc=0x00000000029c582a sp=0x000000005746e360 mode 2
Event: 9.052 Executing VM operation: ParallelGCFailedAllocation
Event: 9.208 Executing VM operation: ParallelGCFailedAllocation done


Dynamic libraries:
0x000000013fe90000 - 0x000000013fec7000 	C:\Program Files\Java\jdk1.8.0_65\bin\java.exe
0x0000000076e60000 - 0x000000007700a000 	C:\Windows\SYSTEM32\ntdll.dll
0x0000000076c40000 - 0x0000000076d5f000 	C:\Windows\system32\kernel32.dll
0x000007fefcc80000 - 0x000007fefccea000 	C:\Windows\system32\KERNELBASE.dll
0x000007fefcf50000 - 0x000007fefd02b000 	C:\Windows\system32\ADVAPI32.dll
0x000007fefe090000 - 0x000007fefe12f000 	C:\Windows\system32\msvcrt.dll
0x000007fefd100000 - 0x000007fefd11f000 	C:\Windows\SYSTEM32\sechost.dll
0x000007fefef20000 - 0x000007feff04d000 	C:\Windows\system32\RPCRT4.dll
0x0000000076d60000 - 0x0000000076e5a000 	C:\Windows\system32\USER32.dll
0x000007feff100000 - 0x000007feff167000 	C:\Windows\system32\GDI32.dll
0x000007fefe340000 - 0x000007fefe34e000 	C:\Windows\system32\LPK.dll
0x000007fefd030000 - 0x000007fefd0fa000 	C:\Windows\system32\USP10.dll
0x000007fefa060000 - 0x000007fefa254000 	C:\Windows\WinSxS\amd64_microsoft.windows.common-controls_6595b64144ccf1df_6.0.7601.18837_none_fa3b1e3d17594757\COMCTL32.dll
0x000007feff050000 - 0x000007feff0c1000 	C:\Windows\system32\SHLWAPI.dll
0x000007feff0d0000 - 0x000007feff0fe000 	C:\Windows\system32\IMM32.DLL
0x000007fefea10000 - 0x000007fefeb19000 	C:\Windows\system32\MSCTF.dll
0x0000000070d20000 - 0x0000000070df2000 	C:\Program Files\Java\jdk1.8.0_65\jre\bin\msvcr100.dll
0x0000000065240000 - 0x0000000065ac9000 	C:\Program Files\Java\jdk1.8.0_65\jre\bin\server\jvm.dll
0x000007fef6a50000 - 0x000007fef6a59000 	C:\Windows\system32\WSOCK32.dll
0x000007fefe3b0000 - 0x000007fefe3fd000 	C:\Windows\system32\WS2_32.dll
0x000007fefe590000 - 0x000007fefe598000 	C:\Windows\system32\NSI.dll
0x000007fefa550000 - 0x000007fefa58b000 	C:\Windows\system32\WINMM.dll
0x000007fefbc20000 - 0x000007fefbc2c000 	C:\Windows\system32\VERSION.dll
0x0000000077030000 - 0x0000000077037000 	C:\Windows\system32\PSAPI.DLL
0x0000000072110000 - 0x000000007211f000 	C:\Program Files\Java\jdk1.8.0_65\jre\bin\verify.dll
0x00000000720e0000 - 0x0000000072109000 	C:\Program Files\Java\jdk1.8.0_65\jre\bin\java.dll
0x0000000071470000 - 0x0000000071486000 	C:\Program Files\Java\jdk1.8.0_65\jre\bin\zip.dll
0x000007fefd300000 - 0x000007fefe08a000 	C:\Windows\system32\SHELL32.dll
0x000007fefe130000 - 0x000007fefe333000 	C:\Windows\system32\ole32.dll
0x000007fefcba0000 - 0x000007fefcbaf000 	C:\Windows\system32\profapi.dll

VM Arguments:
jvm_args: -Djava.awt.headless=true -Xmx1024M -Dfile.encoding=windows-1252 -Duser.country=US -Duser.language=en -Duser.variant 
java_command: com.android.dx.command.Main --dex --force-jumbo --num-threads=4 --multi-dex --output C:\Users\S525894\Desktop\MyApplication\app\build\intermediates\transforms\dex\debug\folders\1000\2\Parse-1.13.0_79eac1f4c1e140fe22e8957a00499f7ef09dee52 C:\Users\S525894\Desktop\MyApplication\app\src\Parse-1.13.0.jar
java_class_path (initial): C:\Users\S525894\AppData\Local\Android\sdk\build-tools\24.0.2\lib\dx.jar
Launcher Type: SUN_STANDARD

Environment Variables:
PATH=C:\app\OracleHomeUser1\product\12.1.0\dbhome_1\bin;C:\ProgramData\Oracle\Java\javapath;C:\Program Files\Common Files\Microsoft Shared\Woindows Live;C:\Program Files (x86)\Common Files\Microsoft Shared\Windows Live;C:\Windows\system32;C:\Windows;C:\Windows\System32\Wbem;C:\Windows\System32\WindowsPowerShell\v1.0\;C:\Program Files (x86)\Windows Live\Shared;C:\Program Files\Intel\WiFi\bin\;C:\Program Files\Common Files\Intel\WirelessCommon\;C:\Program Files\Intel\WiFi\bin\;C:\Program Files\Common Files\Intel\WirelessCommon\;C:\Program Files\Java\jdk1.8.0_65/bin;C:\adb;C:\Program Files\RogueKiller;C:\Program Files\Git\cmd;C:\Program Files\Intel\WiFi\bin\;C:\Program Files\Common Files\Intel\WirelessCommon\;C:\Program Files\Java\jdk1.8.0_65/bin
USERNAME=S525894
OS=Windows_NT
PROCESSOR_IDENTIFIER=Intel64 Family 6 Model 69 Stepping 1, GenuineIntel



---------------  S Y S T E M  ---------------

OS: Windows 7 , 64 bit Build 7601 (6.1.7601.23569)

CPU:total 4 (2 cores per cpu, 2 threads per core) family 6 model 69 stepping 1, cmov, cx8, fxsr, mmx, sse, sse2, sse3, ssse3, sse4.1, sse4.2, popcnt, avx, avx2, aes, clmul, erms, lzcnt, ht, tsc, tscinvbit, bmi1, bmi2

Memory: 4k page, physical 4088944k(208396k free), swap 11024164k(5288k free)

vm_info: Java HotSpot(TM) 64-Bit Server VM (25.65-b01) for windows-amd64 JRE (1.8.0_65-b17), built on Oct  6 2015 16:39:20 by "java_re" with MS VC++ 10.0 (VS2010)

time: Thu Nov 24 16:19:46 2016
elapsed time: 10 seconds (0d 0h 0m 10s)

